<?xml version="1.0" encoding="UTF-8"?>
<!-- Generated by org.testng.reporters.JUnitReportReporter -->
<testsuite hostname="DESKTOP-NRVDIN1" failures="0" tests="1" name="com.leaftaps.testcases.TC001_VerifyLogin" time="11.083" errors="0" timestamp="2025-05-27T12:27:48 IST" skipped="0">
  <testcase classname="com.leaftaps.testcases.TC001_VerifyLogin" name="runLogin" time="11.083"/>
  <system-out/>
</testsuite> <!-- com.leaftaps.testcases.TC001_VerifyLogin -->
